2022-10-24 09:50:29,179 [INFO] Activator:177 - 


2022-10-24 09:50:29,183 [INFO] Activator:178 - !SESSION log4j initialized
2022-10-24 09:50:50,837 [INFO] McuFinderGlobals:44 - Set McuFinder mode to 2 (CubeIDE integrated)
2022-10-24 09:50:51,071 [INFO] ApplicationProperties:181 - Using Application install path: /opt/st/stm32cubeide_1.10.1/plugins/com.st.stm32cube.common.mx_6.6.1.202207061420
2022-10-24 09:50:51,113 [INFO] DbMcusXml:77 - Set database path to: /opt/st/stm32cubeide_1.10.1/plugins/com.st.stm32cube.common.mx_6.6.1.202207061420//db//mcu/
2022-10-24 09:50:51,115 [INFO] ApiDb:269 - Set plugin database path to: /opt/st/stm32cubeide_1.10.1/plugins/com.st.stm32cube.common.mx_6.6.1.202207061420//db//plugins/boardmanager/
2022-10-24 09:50:51,117 [WARN] ApiDb:254 - Overriding images path with different value:  => /opt/st/stm32cubeide_1.10.1/plugins/com.st.stm32cube.common.mx_6.6.1.202207061420//db//plugins/mcufinder/images/
2022-10-24 09:50:51,172 [INFO] ApiDb:249 - Set database path to: /home/yule/.stmcufinder/plugins/mcufinder//mcu/
2022-10-24 09:50:51,176 [INFO] DbMcusAds:124 - Set database path to: /home/yule/.stmcufinder/plugins/mcufinder//mcu/
2022-10-24 09:50:51,188 [INFO] CrossReferenceDbSqlite:201 - Set database path to: /home/yule/.stmcufinder/plugins/mcufinder//mcu/cs/
2022-10-24 09:50:51,531 [INFO] RulesReader:61 - Compatibility file has been processed (282 Rules)
2022-10-24 09:50:51,701 [INFO] DbMcusXml:77 - Set database path to: /opt/st/stm32cubeide_1.10.1/plugins/com.st.stm32cube.common.mx_6.6.1.202207061420//db//mcu/
2022-10-24 09:50:51,702 [INFO] ApiDb:269 - Set plugin database path to: /opt/st/stm32cubeide_1.10.1/plugins/com.st.stm32cube.common.mx_6.6.1.202207061420//db//plugins/boardmanager/
2022-10-24 09:50:51,703 [INFO] ApiDb:256 - Set plugin images path to: /opt/st/stm32cubeide_1.10.1/plugins/com.st.stm32cube.common.mx_6.6.1.202207061420//db//plugins/mcufinder/images/
2022-10-24 09:50:51,704 [WARN] DbFile:40 - Overriding database path with different value: /home/yule/.stmcufinder/plugins/mcufinder/ => /home/yule/.stmcufinder/plugins/mcufinder
2022-10-24 09:50:51,705 [INFO] ApiDb:249 - Set database path to: /home/yule/.stmcufinder/plugins/mcufinder//mcu/
2022-10-24 09:50:51,705 [WARN] DbFile:40 - Overriding database path with different value: /home/yule/.stmcufinder/plugins/mcufinder/ => /home/yule/.stmcufinder/plugins/mcufinder
2022-10-24 09:50:51,706 [INFO] DbMcusAds:124 - Set database path to: /home/yule/.stmcufinder/plugins/mcufinder//mcu/
2022-10-24 09:50:51,709 [WARN] DbFile:40 - Overriding database path with different value: /home/yule/.stmcufinder/plugins/mcufinder/ => /home/yule/.stmcufinder/plugins/mcufinder
2022-10-24 09:50:51,710 [WARN] DbFile:40 - Overriding database path with different value: /home/yule/.stmcufinder/plugins/mcufinder/ => /home/yule/.stmcufinder/plugins/mcufinder
2022-10-24 09:50:51,710 [INFO] CrossReferenceDbSqlite:201 - Set database path to: /home/yule/.stmcufinder/plugins/mcufinder//mcu/cs/
2022-10-24 09:50:51,896 [INFO] MainPanel:242 - HeapMemory: 268435456
2022-10-24 09:50:52,147 [INFO] DbMcusXml:77 - Set database path to: /opt/st/stm32cubeide_1.10.1/plugins/com.st.stm32cube.common.mx_6.6.1.202207061420//db//mcu/
2022-10-24 09:50:52,148 [INFO] ApiDb:269 - Set plugin database path to: /opt/st/stm32cubeide_1.10.1/plugins/com.st.stm32cube.common.mx_6.6.1.202207061420//db//plugins/boardmanager/
2022-10-24 09:50:52,149 [INFO] ApiDb:256 - Set plugin images path to: /opt/st/stm32cubeide_1.10.1/plugins/com.st.stm32cube.common.mx_6.6.1.202207061420//db//plugins/mcufinder/images/
2022-10-24 09:50:52,150 [WARN] DbFile:40 - Overriding database path with different value: /home/yule/.stmcufinder/plugins/mcufinder/ => /home/yule/.stmcufinder/plugins/mcufinder
2022-10-24 09:50:52,151 [INFO] ApiDb:249 - Set database path to: /home/yule/.stmcufinder/plugins/mcufinder//mcu/
2022-10-24 09:50:52,152 [WARN] DbFile:40 - Overriding database path with different value: /home/yule/.stmcufinder/plugins/mcufinder/ => /home/yule/.stmcufinder/plugins/mcufinder
2022-10-24 09:50:52,152 [INFO] DbMcusAds:124 - Set database path to: /home/yule/.stmcufinder/plugins/mcufinder//mcu/
2022-10-24 09:50:52,153 [WARN] DbFile:40 - Overriding database path with different value: /home/yule/.stmcufinder/plugins/mcufinder/ => /home/yule/.stmcufinder/plugins/mcufinder
2022-10-24 09:50:52,153 [WARN] DbFile:40 - Overriding database path with different value: /home/yule/.stmcufinder/plugins/mcufinder/ => /home/yule/.stmcufinder/plugins/mcufinder
2022-10-24 09:50:52,154 [INFO] CrossReferenceDbSqlite:201 - Set database path to: /home/yule/.stmcufinder/plugins/mcufinder//mcu/cs/
2022-10-24 09:50:52,208 [INFO] ApplicationProperties:181 - Using Application install path: /opt/st/stm32cubeide_1.10.1/plugins/com.st.stm32cube.common.mx_6.6.1.202207061420
2022-10-24 09:50:52,213 [INFO] PluginManage:193 - Search for loadable plugins [exclusion list=, ]
2022-10-24 09:50:52,217 [INFO] PluginManage:307 - Check plugin analytics
2022-10-24 09:50:52,677 [INFO] AnalyticsPlugin:262 - Accepted Software Licenses: 
2022-10-24 09:50:52,678 [INFO] AnalyticsPlugin:264 - Accepted CMSIS Pack Licenses: 
2022-10-24 09:50:52,680 [INFO] AnalyticsPlugin:266 - Accepted Firmware Licenses: 
2022-10-24 09:50:52,708 [INFO] PluginManage:356 - Loaded plugin analytics (category:tool,tabindex:-1)
2022-10-24 09:50:52,710 [INFO] PluginManage:307 - Check plugin cadmodel
2022-10-24 09:50:52,717 [INFO] CADModel:65 - Init CAD model plugin
2022-10-24 09:50:52,718 [INFO] PluginManage:356 - Loaded plugin cadmodel (category:power,tabindex:5)
2022-10-24 09:50:52,719 [INFO] PluginManage:307 - Check plugin clock
2022-10-24 09:50:52,743 [INFO] PluginManage:356 - Loaded plugin clock (category:base,tabindex:2)
2022-10-24 09:50:52,744 [INFO] PluginManage:307 - Check plugin ddr
2022-10-24 09:50:52,749 [INFO] PluginManage:356 - Loaded plugin ddr (category:tool,tabindex:6)
2022-10-24 09:50:52,750 [INFO] PluginManage:307 - Check plugin filemanager
2022-10-24 09:50:53,172 [INFO] PluginManage:356 - Loaded plugin filemanager (category:base,tabindex:10)
2022-10-24 09:50:53,173 [INFO] PluginManage:307 - Check plugin ipmanager
2022-10-24 09:50:53,192 [INFO] PluginManage:356 - Loaded plugin ipmanager (category:base,tabindex:5)
2022-10-24 09:50:53,192 [INFO] PluginManage:307 - Check plugin lpbam
2022-10-24 09:50:53,221 [INFO] PluginManage:356 - Loaded plugin lpbam (category:base,tabindex:0)
2022-10-24 09:50:53,221 [INFO] PluginManage:307 - Check plugin pinoutandconfiguration
2022-10-24 09:50:53,294 [INFO] PluginManage:356 - Loaded plugin pinoutandconfiguration (category:base,tabindex:1)
2022-10-24 09:50:53,295 [INFO] PluginManage:307 - Check plugin pinoutconfig
2022-10-24 09:50:53,391 [INFO] PluginManage:356 - Loaded plugin pinoutconfig (category:base,tabindex:0)
2022-10-24 09:50:53,392 [INFO] PluginManage:307 - Check plugin power
2022-10-24 09:50:53,422 [INFO] PluginManage:356 - Loaded plugin power (category:power,tabindex:4)
2022-10-24 09:50:53,423 [INFO] PluginManage:307 - Check plugin projectmanager
2022-10-24 09:50:53,481 [INFO] PluginManage:356 - Loaded plugin projectmanager (category:projectmanager,tabindex:3)
2022-10-24 09:50:53,482 [INFO] PluginManage:307 - Check plugin thirdparty
2022-10-24 09:50:53,859 [WARN] IntegrityCheckThread:82 - waiting for thirdparty lock release [integrity check]
2022-10-24 09:50:53,861 [INFO] IntegrityCheckThread:84 - entering critical section [integrity check]
2022-10-24 09:50:53,861 [INFO] PluginManage:356 - Loaded plugin thirdparty (category:base,tabindex:-1)
2022-10-24 09:50:53,862 [INFO] PluginManage:307 - Check plugin tools
2022-10-24 09:50:53,868 [INFO] PluginManage:356 - Loaded plugin tools (category:base,tabindex:7)
2022-10-24 09:50:53,869 [INFO] PluginManage:307 - Check plugin tutovideos
2022-10-24 09:50:53,869 [INFO] ThirdPartyUpdaterWithRetryManager:70 - Updater plugin not ready yet. [1/15]
2022-10-24 09:50:54,427 [INFO] PluginManage:356 - Loaded plugin tutovideos (category:base,tabindex:-1)
2022-10-24 09:50:54,428 [INFO] PluginManage:307 - Check plugin updater
2022-10-24 09:50:54,463 [INFO] PluginManage:356 - Loaded plugin updater (category:base,tabindex:12)
2022-10-24 09:50:54,465 [INFO] PluginManage:280 - PluginManage : Loaded plugins [15]
2022-10-24 09:50:55,169 [INFO] PinOutPanel:1468 - setPackage(No Configuration,No Configuration)
2022-10-24 09:50:55,320 [INFO] CADModel:98 - CPN selected for project level
2022-10-24 09:50:55,351 [INFO] IPUIPlugin:79 - create IPUIPlugin
2022-10-24 09:50:55,352 [INFO] PluginManager:217 - loadIPPluginJar : add lorawan
2022-10-24 09:50:55,356 [INFO] IPUIPlugin:79 - create IPUIPlugin
2022-10-24 09:50:55,357 [INFO] PluginManager:217 - loadIPPluginJar : add quadspi
2022-10-24 09:50:55,365 [INFO] IPUIPlugin:79 - create IPUIPlugin
2022-10-24 09:50:55,365 [INFO] PluginManager:217 - loadIPPluginJar : add usbx
2022-10-24 09:50:55,379 [INFO] IPUIPlugin:79 - create IPUIPlugin
2022-10-24 09:50:55,380 [INFO] PluginManager:217 - loadIPPluginJar : add fmc
2022-10-24 09:50:55,387 [INFO] IPUIPlugin:79 - create IPUIPlugin
2022-10-24 09:50:55,388 [INFO] PluginManager:217 - loadIPPluginJar : add i2s
2022-10-24 09:50:55,394 [INFO] IPUIPlugin:79 - create IPUIPlugin
2022-10-24 09:50:55,395 [INFO] PluginManager:217 - loadIPPluginJar : add pdm2pcm
2022-10-24 09:50:55,401 [INFO] IPUIPlugin:79 - create IPUIPlugin
2022-10-24 09:50:55,403 [INFO] PluginManager:217 - loadIPPluginJar : add dma3
2022-10-24 09:50:55,409 [INFO] IPUIPlugin:79 - create IPUIPlugin
2022-10-24 09:50:55,410 [INFO] PluginManager:217 - loadIPPluginJar : add i2c
2022-10-24 09:50:55,417 [INFO] IPUIPlugin:79 - create IPUIPlugin
2022-10-24 09:50:55,417 [INFO] PluginManager:217 - loadIPPluginJar : add sai
2022-10-24 09:50:55,432 [INFO] IPUIPlugin:79 - create IPUIPlugin
2022-10-24 09:50:55,432 [INFO] PluginManager:217 - loadIPPluginJar : add dma
2022-10-24 09:50:55,438 [INFO] IPUIPlugin:79 - create IPUIPlugin
2022-10-24 09:50:55,439 [INFO] PluginManager:217 - loadIPPluginJar : add spi
2022-10-24 09:50:55,445 [INFO] IPUIPlugin:79 - create IPUIPlugin
2022-10-24 09:50:55,446 [INFO] PluginManager:217 - loadIPPluginJar : add openamp
2022-10-24 09:50:55,450 [INFO] IPUIPlugin:79 - create IPUIPlugin
2022-10-24 09:50:55,451 [INFO] PluginManager:217 - loadIPPluginJar : add comp
2022-10-24 09:50:55,461 [INFO] IPUIPlugin:79 - create IPUIPlugin
2022-10-24 09:50:55,462 [INFO] PluginManager:217 - loadIPPluginJar : add nvic
2022-10-24 09:50:55,469 [INFO] IPUIPlugin:79 - create IPUIPlugin
2022-10-24 09:50:55,470 [INFO] PluginManager:217 - loadIPPluginJar : add gtzc
2022-10-24 09:50:55,477 [INFO] IPUIPlugin:79 - create IPUIPlugin
2022-10-24 09:50:55,478 [INFO] PluginManager:217 - loadIPPluginJar : add can
2022-10-24 09:50:55,486 [INFO] IPUIPlugin:79 - create IPUIPlugin
2022-10-24 09:50:55,487 [INFO] PluginManager:217 - loadIPPluginJar : add touchsensing
2022-10-24 09:50:55,494 [INFO] IPUIPlugin:79 - create IPUIPlugin
2022-10-24 09:50:55,495 [INFO] PluginManager:217 - loadIPPluginJar : add usart
2022-10-24 09:50:55,512 [INFO] IPUIPlugin:79 - create IPUIPlugin
2022-10-24 09:50:55,512 [INFO] PluginManager:217 - loadIPPluginJar : add linkedlist
2022-10-24 09:50:55,519 [INFO] IPUIPlugin:79 - create IPUIPlugin
2022-10-24 09:50:55,520 [INFO] PluginManager:217 - loadIPPluginJar : add aes
2022-10-24 09:50:55,527 [INFO] IPUIPlugin:79 - create IPUIPlugin
2022-10-24 09:50:55,528 [INFO] PluginManager:217 - loadIPPluginJar : add ipddr
2022-10-24 09:50:55,544 [INFO] IPUIPlugin:79 - create IPUIPlugin
2022-10-24 09:50:55,554 [INFO] PluginManager:217 - loadIPPluginJar : add plateformsettings
2022-10-24 09:50:55,567 [INFO] IPUIPlugin:79 - create IPUIPlugin
2022-10-24 09:50:55,568 [INFO] PluginManager:217 - loadIPPluginJar : add stm32_wpan
2022-10-24 09:50:55,573 [INFO] IPUIPlugin:79 - create IPUIPlugin
2022-10-24 09:50:55,574 [INFO] PluginManager:217 - loadIPPluginJar : add gfxmmu
2022-10-24 09:50:55,578 [INFO] IPUIPlugin:79 - create IPUIPlugin
2022-10-24 09:50:55,579 [INFO] PluginManager:217 - loadIPPluginJar : add ucpd
2022-10-24 09:50:55,595 [INFO] IPUIPlugin:79 - create IPUIPlugin
2022-10-24 09:50:55,596 [INFO] PluginManager:217 - loadIPPluginJar : add adc
2022-10-24 09:50:55,601 [INFO] IPUIPlugin:79 - create IPUIPlugin
2022-10-24 09:50:55,602 [INFO] PluginManager:217 - loadIPPluginJar : add cryp
2022-10-24 09:50:55,615 [INFO] IPUIPlugin:79 - create IPUIPlugin
2022-10-24 09:50:55,616 [INFO] PluginManager:217 - loadIPPluginJar : add freertos
2022-10-24 09:50:55,622 [INFO] IPUIPlugin:79 - create IPUIPlugin
2022-10-24 09:50:55,622 [INFO] PluginManager:217 - loadIPPluginJar : add dfsdm
2022-10-24 09:50:55,629 [INFO] IPUIPlugin:79 - create IPUIPlugin
2022-10-24 09:50:55,630 [INFO] PluginManager:217 - loadIPPluginJar : add opamp
2022-10-24 09:50:55,640 [INFO] IPUIPlugin:79 - create IPUIPlugin
2022-10-24 09:50:55,641 [INFO] PluginManager:217 - loadIPPluginJar : add gpio
2022-10-24 09:50:55,646 [INFO] IPUIPlugin:79 - create IPUIPlugin
2022-10-24 09:50:55,647 [INFO] PluginManager:217 - loadIPPluginJar : add tracer_emb
2022-10-24 09:50:55,651 [INFO] IPUIPlugin:79 - create IPUIPlugin
2022-10-24 09:50:55,652 [INFO] PluginManager:217 - loadIPPluginJar : add ts
2022-10-24 09:50:55,666 [INFO] IPUIPlugin:79 - create IPUIPlugin
2022-10-24 09:50:55,667 [INFO] PluginManager:217 - loadIPPluginJar : add gic
2022-10-24 09:50:55,672 [INFO] IPUIPlugin:79 - create IPUIPlugin
2022-10-24 09:50:55,673 [INFO] PluginManager:217 - loadIPPluginJar : add tim
2022-10-24 09:50:55,677 [INFO] IPUIPlugin:79 - create IPUIPlugin
2022-10-24 09:50:55,678 [INFO] PluginManager:217 - loadIPPluginJar : add ltdc
2022-10-24 09:50:55,687 [INFO] IPUIPlugin:79 - create IPUIPlugin
2022-10-24 09:50:55,688 [INFO] PluginManager:217 - loadIPPluginJar : add resmgrutility
2022-10-24 09:50:55,694 [INFO] IPUIPlugin:79 - create IPUIPlugin
2022-10-24 09:50:55,695 [INFO] PluginManager:217 - loadIPPluginJar : add tsc
2022-10-24 09:50:55,698 [INFO] IPUIPlugin:79 - create IPUIPlugin
2022-10-24 09:50:55,699 [INFO] PluginManager:217 - loadIPPluginJar : add fatfs
2022-10-24 09:50:55,717 [INFO] IPUIPlugin:79 - create IPUIPlugin
2022-10-24 09:50:55,718 [INFO] PluginManager:217 - loadIPPluginJar : add mdma
2022-10-24 09:50:55,722 [INFO] IPUIPlugin:79 - create IPUIPlugin
2022-10-24 09:50:55,723 [INFO] PluginManager:217 - loadIPPluginJar : add genericplugin
2022-10-24 09:50:55,729 [INFO] IPUIPlugin:79 - create IPUIPlugin
2022-10-24 09:50:55,730 [INFO] PluginManager:217 - loadIPPluginJar : add hash
2022-10-24 09:50:56,429 [FATAL] Updater:301 - Updater called before beeing initialized
2022-10-24 09:50:56,774 [FATAL] Updater:301 - Updater called before beeing initialized
2022-10-24 09:50:56,797 [INFO] DbMcusAds:52 - JSON generation date=Thu Sep 30 08:56:37 CEST 2021 (1632984997303)
2022-10-24 09:50:56,798 [FATAL] Updater:301 - Updater called before beeing initialized
2022-10-24 09:50:56,871 [INFO] ThirdPartyUpdaterWithRetryManager:70 - Updater plugin not ready yet. [2/15]
2022-10-24 09:50:56,967 [WARN] DetailPanel:344 - Failed to get advertising image, set to default
2022-10-24 09:50:57,858 [FATAL] Updater:301 - Updater called before beeing initialized
2022-10-24 09:50:57,863 [FATAL] Updater:301 - Updater called before beeing initialized
2022-10-24 09:50:57,864 [FATAL] Updater:301 - Updater called before beeing initialized
2022-10-24 09:50:57,865 [WARN] DetailPanel:344 - Failed to get advertising image, set to default
2022-10-24 09:50:57,869 [FATAL] Updater:301 - Updater called before beeing initialized
2022-10-24 09:50:57,989 [ERROR] Updater:1105 - MainUpdater not yet initialized. External WinMGr cannot be set.
2022-10-24 09:50:57,995 [INFO] Updater:1041 - Updater Version found : 6.6.1
2022-10-24 09:50:58,045 [INFO] ApplicationProperties:181 - Using Application install path: /opt/st/stm32cubeide_1.10.1/plugins/com.st.stm32cube.common.mx_6.6.1.202207061420
2022-10-24 09:50:58,494 [INFO] MainUpdater:2768 - connection check result : 10
2022-10-24 09:50:58,497 [INFO] MainUpdater:280 - Updater Check For Update Now.
2022-10-24 09:50:58,497 [INFO] MicroXplorer:481 - Change Database Version : DB.6.0.60
2022-10-24 09:50:58,808 [INFO] CheckServerUpdateThread:119 - End of CheckServer Thread
2022-10-24 09:50:58,920 [INFO] MainUpdater:2768 - connection check result : 10
2022-10-24 09:50:59,967 [INFO] McuFinderGlobals:57 - Set McuFinderConnectedMode to true
2022-10-24 09:51:00,011 [INFO] MultiScanPanel:195 - Auto-refresh data requested => check proxy status ongoing
2022-10-24 09:51:00,030 [INFO] FinderPluginLoader:92 - Searching for filters in installed packs
2022-10-24 09:51:00,493 [INFO] ApiDb:576 - Connected to CubeFinder SQLite database (/home/yule/.stmcufinder/plugins/mcufinder/mcu/cube-finder-db.db)
2022-10-24 09:51:00,528 [WARN] PackLoader:242 - Cannot read IP mode file for STMicroelectronics.X-CUBE-GNSS1.6.0.0
2022-10-24 09:51:00,631 [INFO] ApiDb:663 - CubeFinder database Data Model version=2.1
2022-10-24 09:51:00,632 [INFO] ApiDb:664 - CubeFinder database Configuration version=3.0.32
2022-10-24 09:51:00,638 [INFO] ApiDb:665 - CubeFinder database generation date=2022-08-05 (1659688109)
2022-10-24 09:51:00,639 [INFO] ApiDb:666 - CubeFinder database FW Pack versions=[STM32Cube_FW_C0_V1.0.0, STM32Cube_FW_F4_V1.27.1, STM32Cube_FW_F7_V1.17.0, STM32Cube_FW_G0_V1.6.1, STM32Cube_FW_G4_V1.5.0, STM32Cube_FW_H7_V1.10.0, STM32Cube_FW_L5_V1.4.0, STM32Cube_FW_U5_V1.1.1, STM32Cube_FW_WB_V1.14.1, STM32Cube_FW_WL_V1.2.0, X-CUBE-ALGOBUILD_V1.3.0, X-CUBE-ALS_V1.0.1, X-CUBE-AZRTOS-F4_V1.1.0, X-CUBE-AZRTOS-F7_V1.1.0, X-CUBE-AZRTOS-G0_V1.1.0, X-CUBE-AZRTOS-G4_V1.0.0, X-CUBE-AZRTOS-H7_V2.1.0, X-CUBE-AZRTOS-L4_V1.0.0, X-CUBE-AZRTOS-L5_V1.0.0, X-CUBE-AZRTOS-WL_V1.0.0, X-CUBE-BLE1_V6.2.3, X-CUBE-BLE2_V3.3.0, X-CUBE-EEPRMA1_V3.1.1, X-CUBE-GNSS1_V6.0.0, X-CUBE-MEMS1_V9.1.0, X-CUBE-MEMS1_V9.3.0, X-CUBE-NFC4_V2.0.4, X-CUBE-NFC7_V1.0.0, X-CUBE-SFXS2LP1_V4.0.0, X-CUBE-SUBG2_V5.0.0]
2022-10-24 09:51:00,785 [WARN] PackLoader:242 - Cannot read IP mode file for STMicroelectronics.X-CUBE-AZRTOS-F4.1.1.0
2022-10-24 09:51:00,882 [WARN] PackLoader:242 - Cannot read IP mode file for STMicroelectronics.X-CUBE-BLEMGR.1.2.0
2022-10-24 09:51:01,102 [WARN] PackLoader:242 - Cannot read IP mode file for STMicroelectronics.X-CUBE-AZRTOS-F7.1.1.0
2022-10-24 09:51:01,141 [WARN] PackLoader:242 - Cannot read IP mode file for STMicroelectronics.X-CUBE-BLE1.6.2.3
2022-10-24 09:51:01,167 [WARN] PackLoader:242 - Cannot read IP mode file for STMicroelectronics.X-CUBE-NFC4.2.0.4
2022-10-24 09:51:01,224 [WARN] PackLoader:242 - Cannot read IP mode file for STMicroelectronics.X-CUBE-TOF1.3.1.0
2022-10-24 09:51:01,328 [WARN] PackLoader:242 - Cannot read IP mode file for wolfSSL.I-CUBE-wolfSSL.5.5.0
2022-10-24 09:51:01,358 [WARN] PackLoader:242 - Cannot read IP mode file for STMicroelectronics.X-CUBE-NFC7.1.0.0
2022-10-24 09:51:01,767 [WARN] PackLoader:242 - Cannot read IP mode file for STMicroelectronics.X-CUBE-MEMS1.9.3.0
2022-10-24 09:51:03,206 [WARN] PackLoader:242 - Cannot read IP mode file for STMicroelectronics.X-CUBE-AI.7.2.0
2022-10-24 09:51:03,307 [WARN] PackLoader:242 - Cannot read IP mode file for STMicroelectronics.X-CUBE-SFXS2LP1.4.0.0
2022-10-24 09:51:03,363 [WARN] PackLoader:242 - Cannot read IP mode file for STMicroelectronics.X-CUBE-BLE2.3.3.0
2022-10-24 09:51:03,452 [WARN] PackLoader:242 - Cannot read IP mode file for STMicroelectronics.X-CUBE-DISPLAY.2.2.0
2022-10-24 09:51:03,573 [WARN] PackLoader:242 - Cannot read IP mode file for STMicroelectronics.X-CUBE-TOF1.3.2.0
2022-10-24 09:51:03,656 [WARN] PackLoader:242 - Cannot read IP mode file for STMicroelectronics.X-CUBE-ISPU.1.0.0
2022-10-24 09:51:03,715 [WARN] PackLoader:242 - Cannot read IP mode file for RoweBots.I-CUBE-UNISONRTOS.5.5.0-4
2022-10-24 09:51:03,953 [WARN] PackLoader:242 - Cannot read IP mode file for STMicroelectronics.X-CUBE-AZRTOS-H7.2.1.0
2022-10-24 09:51:03,998 [WARN] PackLoader:242 - Cannot read IP mode file for STMicroelectronics.X-CUBE-BLEMGR.1.0.0
2022-10-24 09:51:04,026 [WARN] PackLoader:242 - Cannot read IP mode file for STMicroelectronics.X-CUBE-ALGOBUILD.1.3.0
2022-10-24 09:51:04,113 [WARN] PackLoader:242 - Cannot read IP mode file for STMicroelectronics.X-CUBE-AZRTOS-G0.1.1.0
2022-10-24 09:51:04,175 [WARN] PackLoader:242 - Cannot read IP mode file for STMicroelectronics.X-CUBE-SUBG2.5.0.0
2022-10-24 09:51:04,402 [WARN] PackLoader:242 - Cannot read IP mode file for SEGGER.I-CUBE-embOS.1.2.0
2022-10-24 09:51:04,621 [WARN] PackLoader:242 - Cannot read IP mode file for STMicroelectronics.FP-ATR-ASTRA1.1.1.1
2022-10-24 09:51:04,734 [WARN] PackLoader:242 - Cannot read IP mode file for STMicroelectronics.X-CUBE-AZRTOS-G4.1.0.0
2022-10-24 09:51:04,769 [WARN] PackLoader:242 - Cannot read IP mode file for STMicroelectronics.FP-ATR-SIGFOX1.3.2.0
2022-10-24 09:51:04,895 [WARN] PackLoader:242 - Cannot read IP mode file for STMicroelectronics.X-CUBE-AZRTOS-L4.1.0.0
2022-10-24 09:51:04,952 [WARN] PackLoader:242 - Cannot read IP mode file for emotas.I-CUBE-CANOPEN.1.1.2
2022-10-24 09:51:04,967 [WARN] PackLoader:242 - Cannot read IP mode file for STMicroelectronics.X-CUBE-TOUCHGFX.4.20.0
2022-10-24 09:51:05,085 [WARN] PackLoader:242 - Cannot read IP mode file for STMicroelectronics.X-CUBE-AZRTOS-WL.1.0.0
2022-10-24 09:51:05,107 [WARN] PackLoader:242 - Cannot read IP mode file for portGmbH.I-Cube-SoM-uGOAL.1.1.0
2022-10-24 09:51:05,119 [WARN] PackLoader:242 - Cannot read IP mode file for STMicroelectronics.X-CUBE-ALS.1.0.1
2022-10-24 09:51:05,252 [WARN] PackLoader:242 - Cannot read IP mode file for STMicroelectronics.X-CUBE-AZRTOS-L5.1.0.0
2022-10-24 09:51:05,366 [WARN] PackLoader:242 - Cannot read IP mode file for STMicroelectronics.X-CUBE-EEPRMA1.3.1.1
2022-10-24 09:51:05,382 [INFO] ThirdParty:929 - Integrity check success = true
2022-10-24 09:51:05,392 [INFO] IntegrityCheckThread:98 - exiting critical section [integrity check]
2022-10-24 09:51:05,393 [INFO] IntegrityCheckThread:101 - End integrity checks thread
2022-10-24 09:51:10,066 [INFO] ApiDb:239 - Found 138 in-development CPN: [B-WB1M-WPAN1, NUCLEO-C031C6, STEVAL-STWINBX1, STM320518-EVAL, STM32C0116-DK, STM32C011D6Y3TR, STM32C011D6Y6TR, STM32C011F4P3, STM32C011F4P6, STM32C011F4U3, STM32C011F4U6TR, STM32C011F6P3, STM32C011F6P6, STM32C011F6U3, STM32C011F6U6TR, STM32C011J4M3, STM32C011J4M6, STM32C011J6M3, STM32C011J6M6, STM32C0316-DK, STM32C031C4T3, STM32C031C4T6, STM32C031C4U3, STM32C031C4U6, STM32C031C6T3, STM32C031C6T6, STM32C031C6U3, STM32C031C6U6, STM32C031F4P3, STM32C031F4P6, STM32C031F6P3, STM32C031F6P6, STM32C031G4U3, STM32C031G4U6, STM32C031G6U3, STM32C031G6U6, STM32C031K4T3, STM32C031K4T6, STM32C031K4U3, STM32C031K4U6, STM32C031K6T3, STM32C031K6T6, STM32C031K6U3, STM32C031K6U6, STM32G071K8TXN, STM32G071K8UXN, STM32G081GBU6N, STM32G081KBT6N, STM32G081KBUXN, STM32G0B1CCT6N, STM32G0B1KCT6, STM32G0B1NEY6TR, STM32G0B1RCT6N, STM32G0C1CCT6, STM32G0C1CCT6N, STM32G0C1CCU6N, STM32G0C1CET6N, STM32G0C1CEU6N, STM32G0C1KCT6, STM32G0C1NEY6TR, STM32G0C1RCI6N, STM32G0C1RCT6N, STM32G0C1REI6N, STM32G0C1RET6N, STM32G0C1VCI6, STM32G0C1VEI6, STM32G471CCT6, STM32G471CCU6, STM32G471CET3, STM32G471CET6, STM32G471CEU3, STM32G471CEU6, STM32G471MCT6, STM32G471MET3, STM32G471MET6, STM32G471MEY6TR, STM32G471QCT6, STM32G471QET3, STM32G471RCT6, STM32G471RET3, STM32G471RET6, STM32G471VCH6, STM32G471VCI6, STM32G471VCT6, STM32G471VEH3, STM32G471VEH6, STM32G471VEI3, STM32G471VEI6, STM32G471VET3, STM32G471VET6, STM32G474CCT6, STM32L476VGY6PTR, STM32L4R5QGI6STR, STM32MP131AAE3, STM32MP131AAF3, STM32MP131AAG3, STM32MP131CAE3, STM32MP131CAF3, STM32MP131CAG3, STM32MP131DAE7, STM32MP131DAF7, STM32MP131DAG7, STM32MP131FAE7, STM32MP131FAF7, STM32MP131FAG7, STM32MP133AAE3, STM32MP133AAF3, STM32MP133AAG3, STM32MP133CAE3, STM32MP133CAF3, STM32MP133CAG3, STM32MP133DAE7, STM32MP133DAF7, STM32MP133DAG7, STM32MP133FAE7, STM32MP133FAF7, STM32MP133FAG7, STM32MP135AAE3, STM32MP135AAF3, STM32MP135AAG3, STM32MP135CAE3, STM32MP135CAF3, STM32MP135CAG3, STM32MP135DAE7, STM32MP135DAF7, STM32MP135DAG7, STM32MP135F-DK, STM32MP135FAE7, STM32MP135FAF7, STM32MP135FAG7, STM32U595ZJT6Q, STM32U599BJY6QTR, STM32U599NIH6Q, STM32U599NJH6Q, STM32U5A5ZJT6Q, STM32U5A9BJY6QTR, STM32U5A9NJH6Q, STM32WB1MMCH6]
2022-10-24 09:51:10,086 [INFO] DbMcus:215 - Found 3542 MCUs, 3542 are supported
2022-10-24 09:51:10,102 [INFO] ApiDb:418 - Load user favorites file /home/yule/.stm32cubeide/favorites.mcus.txt: 0 item(s)
2022-10-24 09:51:10,103 [INFO] ApiDb:422 - User favorites MCUs=[]
2022-10-24 09:51:10,104 [INFO] DbMcus:221 - Set 0 / 0 favorites MCUs
2022-10-24 09:51:17,795 [INFO] LoadUrlFilesThread:177 - End of LoadServerUrlFiles without Thread
2022-10-24 09:51:17,902 [INFO] DetailPanel:339 - Set advertising image to /home/yule/STM32Cube/Repository//en.Prom_NBSTM32U50921.jpg
2022-10-24 09:51:21,117 [INFO] MultiScanPanel:778 - Auto Refresh Data is not needed
2022-10-24 09:51:21,151 [INFO] ApiDb:663 - CubeFinder database Data Model version=2.1
2022-10-24 09:51:21,152 [INFO] ApiDb:664 - CubeFinder database Configuration version=3.0.32
2022-10-24 09:51:21,152 [INFO] ApiDb:665 - CubeFinder database generation date=2022-08-05 (1659688109)
2022-10-24 09:51:21,152 [INFO] ApiDb:666 - CubeFinder database FW Pack versions=[STM32Cube_FW_C0_V1.0.0, STM32Cube_FW_F4_V1.27.1, STM32Cube_FW_F7_V1.17.0, STM32Cube_FW_G0_V1.6.1, STM32Cube_FW_G4_V1.5.0, STM32Cube_FW_H7_V1.10.0, STM32Cube_FW_L5_V1.4.0, STM32Cube_FW_U5_V1.1.1, STM32Cube_FW_WB_V1.14.1, STM32Cube_FW_WL_V1.2.0, X-CUBE-ALGOBUILD_V1.3.0, X-CUBE-ALS_V1.0.1, X-CUBE-AZRTOS-F4_V1.1.0, X-CUBE-AZRTOS-F7_V1.1.0, X-CUBE-AZRTOS-G0_V1.1.0, X-CUBE-AZRTOS-G4_V1.0.0, X-CUBE-AZRTOS-H7_V2.1.0, X-CUBE-AZRTOS-L4_V1.0.0, X-CUBE-AZRTOS-L5_V1.0.0, X-CUBE-AZRTOS-WL_V1.0.0, X-CUBE-BLE1_V6.2.3, X-CUBE-BLE2_V3.3.0, X-CUBE-EEPRMA1_V3.1.1, X-CUBE-GNSS1_V6.0.0, X-CUBE-MEMS1_V9.1.0, X-CUBE-MEMS1_V9.3.0, X-CUBE-NFC4_V2.0.4, X-CUBE-NFC7_V1.0.0, X-CUBE-SFXS2LP1_V4.0.0, X-CUBE-SUBG2_V5.0.0]
2022-10-24 09:51:21,410 [INFO] DbBoardsSqlite:227 - include board P-NUCLEO-WB55-NUCLEO as a kit item of type 'Nucleo-64'
2022-10-24 09:51:21,411 [INFO] DbBoardsSqlite:227 - include board P-NUCLEO-WB55-USBDONGLE as a kit item of type 'Nucleo USB Dongle'
2022-10-24 09:51:21,413 [INFO] DbBoardsSqlite:227 - include board STEVAL-IDP005V1 as a kit item of type 'Evaluation Board'
2022-10-24 09:51:21,414 [INFO] DbBoardsSqlite:227 - include board STEVAL-IDP005V2 as a kit item of type 'Evaluation Board'
2022-10-24 09:51:21,448 [INFO] ApiDb:239 - Found 138 in-development CPN: [B-WB1M-WPAN1, NUCLEO-C031C6, STEVAL-STWINBX1, STM320518-EVAL, STM32C0116-DK, STM32C011D6Y3TR, STM32C011D6Y6TR, STM32C011F4P3, STM32C011F4P6, STM32C011F4U3, STM32C011F4U6TR, STM32C011F6P3, STM32C011F6P6, STM32C011F6U3, STM32C011F6U6TR, STM32C011J4M3, STM32C011J4M6, STM32C011J6M3, STM32C011J6M6, STM32C0316-DK, STM32C031C4T3, STM32C031C4T6, STM32C031C4U3, STM32C031C4U6, STM32C031C6T3, STM32C031C6T6, STM32C031C6U3, STM32C031C6U6, STM32C031F4P3, STM32C031F4P6, STM32C031F6P3, STM32C031F6P6, STM32C031G4U3, STM32C031G4U6, STM32C031G6U3, STM32C031G6U6, STM32C031K4T3, STM32C031K4T6, STM32C031K4U3, STM32C031K4U6, STM32C031K6T3, STM32C031K6T6, STM32C031K6U3, STM32C031K6U6, STM32G071K8TXN, STM32G071K8UXN, STM32G081GBU6N, STM32G081KBT6N, STM32G081KBUXN, STM32G0B1CCT6N, STM32G0B1KCT6, STM32G0B1NEY6TR, STM32G0B1RCT6N, STM32G0C1CCT6, STM32G0C1CCT6N, STM32G0C1CCU6N, STM32G0C1CET6N, STM32G0C1CEU6N, STM32G0C1KCT6, STM32G0C1NEY6TR, STM32G0C1RCI6N, STM32G0C1RCT6N, STM32G0C1REI6N, STM32G0C1RET6N, STM32G0C1VCI6, STM32G0C1VEI6, STM32G471CCT6, STM32G471CCU6, STM32G471CET3, STM32G471CET6, STM32G471CEU3, STM32G471CEU6, STM32G471MCT6, STM32G471MET3, STM32G471MET6, STM32G471MEY6TR, STM32G471QCT6, STM32G471QET3, STM32G471RCT6, STM32G471RET3, STM32G471RET6, STM32G471VCH6, STM32G471VCI6, STM32G471VCT6, STM32G471VEH3, STM32G471VEH6, STM32G471VEI3, STM32G471VEI6, STM32G471VET3, STM32G471VET6, STM32G474CCT6, STM32L476VGY6PTR, STM32L4R5QGI6STR, STM32MP131AAE3, STM32MP131AAF3, STM32MP131AAG3, STM32MP131CAE3, STM32MP131CAF3, STM32MP131CAG3, STM32MP131DAE7, STM32MP131DAF7, STM32MP131DAG7, STM32MP131FAE7, STM32MP131FAF7, STM32MP131FAG7, STM32MP133AAE3, STM32MP133AAF3, STM32MP133AAG3, STM32MP133CAE3, STM32MP133CAF3, STM32MP133CAG3, STM32MP133DAE7, STM32MP133DAF7, STM32MP133DAG7, STM32MP133FAE7, STM32MP133FAF7, STM32MP133FAG7, STM32MP135AAE3, STM32MP135AAF3, STM32MP135AAG3, STM32MP135CAE3, STM32MP135CAF3, STM32MP135CAG3, STM32MP135DAE7, STM32MP135DAF7, STM32MP135DAG7, STM32MP135F-DK, STM32MP135FAE7, STM32MP135FAF7, STM32MP135FAG7, STM32U595ZJT6Q, STM32U599BJY6QTR, STM32U599NIH6Q, STM32U599NJH6Q, STM32U5A5ZJT6Q, STM32U5A9BJY6QTR, STM32U5A9NJH6Q, STM32WB1MMCH6]
2022-10-24 09:51:22,021 [INFO] BoardInfo:879 - No configuration file found for board P-NUCLEO-WB55
2022-10-24 09:51:22,022 [INFO] DbBoards:156 - Kit is not supported: P-NUCLEO-WB55
2022-10-24 09:51:22,035 [INFO] BoardInfo:879 - No configuration file found for board STEVAL-BFA001V1B
2022-10-24 09:51:22,035 [INFO] DbBoards:156 - Kit is not supported: STEVAL-BFA001V1B
2022-10-24 09:51:22,038 [INFO] BoardInfo:879 - No configuration file found for board STEVAL-BFA001V2B
2022-10-24 09:51:22,039 [INFO] DbBoards:156 - Kit is not supported: STEVAL-BFA001V2B
2022-10-24 09:51:22,430 [INFO] DbBoards:160 - Found 176 boards, 173 are supported
2022-10-24 09:51:22,451 [INFO] ApiDb:418 - Load user favorites file /home/yule/.stm32cubeide/favorites.boards.txt: 0 item(s)
2022-10-24 09:51:22,452 [INFO] ApiDb:422 - User favorites Boards=[]
2022-10-24 09:51:22,453 [INFO] DbBoards:189 - Set 0 / 0 favorites Boards
2022-10-24 09:51:33,753 [INFO] MultiScanPanel:195 - Auto-refresh data requested => check proxy status ongoing
2022-10-24 09:51:34,310 [INFO] LoadUrlFilesThread:177 - End of LoadServerUrlFiles without Thread
2022-10-24 09:51:34,311 [INFO] DetailPanel:339 - Set advertising image to /home/yule/STM32Cube/Repository//en.Prom_NBSTM32U50921.jpg
2022-10-24 09:51:34,344 [INFO] DbBoards:628 - Loading board mini-images...
2022-10-24 09:51:34,872 [ERROR] DbBoards:648 - No image file defined for board B-WB1M-WPAN1
2022-10-24 09:51:34,872 [ERROR] DbBoards:648 - No image file defined for board NUCLEO-C031C6
2022-10-24 09:51:40,934 [ERROR] DbBoards:648 - No image file defined for board STEVAL-STWINBX1
2022-10-24 09:51:41,192 [ERROR] DbBoards:648 - No image file defined for board STM32091C-EVAL
2022-10-24 09:51:41,192 [ERROR] DbBoards:648 - No image file defined for board STM32100E-EVAL
2022-10-24 09:51:41,193 [ERROR] DbBoards:648 - No image file defined for board STM3210C-EVAL
2022-10-24 09:51:41,264 [ERROR] DbBoards:648 - No image file defined for board STM3221G-EVAL
2022-10-24 09:51:41,265 [ERROR] DbBoards:648 - No image file defined for board STM32303C-EVAL
2022-10-24 09:51:41,773 [ERROR] DbBoards:648 - No image file defined for board STM32479I-EVAL
2022-10-24 09:51:41,773 [ERROR] DbBoards:648 - No image file defined for board STM32746G-EVAL2
2022-10-24 09:51:41,813 [ERROR] DbBoards:648 - No image file defined for board STM32C0116-DK
2022-10-24 09:51:41,814 [ERROR] DbBoards:648 - No image file defined for board STM32C0316-DK
2022-10-24 09:51:41,981 [ERROR] DbBoards:648 - No image file defined for board STM32F401C-DISCO
2022-10-24 09:51:42,250 [ERROR] DbBoards:648 - No image file defined for board STM32F7308-DK
2022-10-24 09:51:42,479 [ERROR] DbBoards:648 - No image file defined for board STM32F779I-EVAL
2022-10-24 09:51:43,199 [ERROR] DbBoards:648 - No image file defined for board STM32H747I-EVAL
2022-10-24 09:51:43,396 [ERROR] DbBoards:648 - No image file defined for board STM32L-DISCOVERY
2022-10-24 09:51:43,539 [ERROR] DbBoards:648 - No image file defined for board STM32L152D-EVAL
2022-10-24 09:51:44,174 [ERROR] DbBoards:648 - No image file defined for board STM32MP135F-DK
2022-10-24 09:51:45,046 [INFO] DbBoards:651 - Loaded 157 board mini-images
2022-10-24 09:51:45,535 [INFO] MultiScanPanel:778 - Auto Refresh Data is not needed
2022-10-24 09:53:25,050 [INFO] MainUpdater:2768 - connection check result : 10
2022-10-24 09:53:25,053 [INFO] MainUpdater:2768 - connection check result : 10
2022-10-24 09:53:25,100 [INFO] MicroXplorer:451 - Change Database Path : 
2022-10-24 09:53:25,101 [INFO] MicroXplorer:481 - Change Database Version : DB.6.0.60
2022-10-24 09:53:25,102 [WARN] ThirdParty:827 - waiting for thirdparty lock release [close project]
2022-10-24 09:53:25,103 [INFO] ThirdParty:829 - entering critical section [close project]
2022-10-24 09:53:25,108 [INFO] ThirdParty:839 - exiting critical section [close project]
2022-10-24 09:53:25,121 [INFO] PinOutPanel:1468 - setPackage(No Configuration,No Configuration)
2022-10-24 09:53:25,154 [INFO] UtilMem:74 - Begin LoadConfig() Used Memory: 582562072 Bytes (651165696)
2022-10-24 09:53:25,157 [INFO] OpenFileManager:307 - Change cursor
2022-10-24 09:53:25,323 [INFO] ProjectFactory:399 - No CPN specified for board NUCLEO-G474RE => set CPN to STM32G474RET6
2022-10-24 09:53:25,324 [INFO] Mcu:1922 - Initializing MCU STM32G474R(B-C-E)Tx STM32G474RETx STM32G474RET6
2022-10-24 09:53:50,135 [INFO] Context:654 - Trying to add GPIOservice into a context  which must be forbidden
2022-10-24 09:54:01,994 [INFO] Rule:225 - rule 117617 - U5Cobra4M][GTZC] default value MPCBB3 and MPCBB5 - Not Secured memory - MPCBB1 is applicable
2022-10-24 09:54:01,995 [INFO] Rule:225 - rule 117617 - U5Cobra4M][GTZC] default value MPCBB3 and MPCBB5 - Not Secured memory - MPCBB1 is applicable
2022-10-24 09:54:01,995 [INFO] Rule:225 - rule 117617 - U5Cobra4M][GTZC] default value MPCBB3 and MPCBB5 - Not Secured memory - MPCBB2 is applicable
2022-10-24 09:54:01,995 [INFO] Rule:225 - rule 117617 - U5Cobra4M][GTZC] default value MPCBB3 and MPCBB5 - Not Secured memory - MPCBB2 is applicable
2022-10-24 09:54:01,995 [INFO] Rule:225 - rule 117617 - U5Cobra4M][GTZC] default value MPCBB3 and MPCBB5 - Not Secured memory - MPCBB3 is applicable
2022-10-24 09:54:01,996 [INFO] Rule:225 - rule 117617 - U5Cobra4M][GTZC] default value MPCBB3 and MPCBB5 - Not Secured memory - MPCBB3 is applicable
2022-10-24 09:54:01,996 [INFO] Rule:225 - rule 117617 - U5Cobra4M][GTZC] default value MPCBB3 and MPCBB5 - Not Secured memory - MPCBB4 is applicable
2022-10-24 09:54:01,996 [INFO] Rule:225 - rule 117617 - U5Cobra4M][GTZC] default value MPCBB3 and MPCBB5 - Not Secured memory - MPCBB4 is applicable
2022-10-24 09:54:01,996 [INFO] Rule:225 - rule 117617 - U5Cobra4M][GTZC] default value MPCBB3 and MPCBB5 - Secured memory - MPCBB1 is applicable
2022-10-24 09:54:01,996 [INFO] Rule:225 - rule 117617 - U5Cobra4M][GTZC] default value MPCBB3 and MPCBB5 - Secured memory - MPCBB2 is applicable
2022-10-24 09:54:01,996 [INFO] Rule:225 - rule 117617 - U5Cobra4M][GTZC] default value MPCBB3 and MPCBB5 - Secured memory - MPCBB3 is applicable
2022-10-24 09:54:01,997 [INFO] Rule:225 - rule 117617 - U5Cobra4M][GTZC] default value MPCBB3 and MPCBB5 - Secured memory - MPCBB4 is applicable
2022-10-24 09:54:01,997 [INFO] Rule:225 - rule 117617 - U5Cobra4M][GTZC] default value MPCBB3 and MPCBB5 - Privileged memory - MPCBB1 is applicable
2022-10-24 09:54:01,997 [INFO] Rule:225 - rule 117617 - U5Cobra4M][GTZC] default value MPCBB3 and MPCBB5 - Privileged memory - MPCBB2 is applicable
2022-10-24 09:54:01,997 [INFO] Rule:225 - rule 117617 - U5Cobra4M][GTZC] default value MPCBB3 and MPCBB5 - Privileged memory - MPCBB3 is applicable
2022-10-24 09:54:01,997 [INFO] Rule:225 - rule 117617 - U5Cobra4M][GTZC] default value MPCBB3 and MPCBB5 - Privileged memory - MPCBB4 is applicable
2022-10-24 09:54:01,997 [INFO] Rule:225 - rule 117617 - U5Cobra4M][GTZC] default value MPCBB3 and MPCBB5 - Not Privileged memory - MPCBB1 is applicable
2022-10-24 09:54:01,997 [INFO] Rule:225 - rule 117617 - U5Cobra4M][GTZC] default value MPCBB3 and MPCBB5 - Not Privileged memory - MPCBB2 is applicable
2022-10-24 09:54:01,998 [INFO] Rule:225 - rule 117617 - U5Cobra4M][GTZC] default value MPCBB3 and MPCBB5 - Not Privileged memory - MPCBB3 is applicable
2022-10-24 09:54:01,998 [INFO] Rule:225 - rule 117617 - U5Cobra4M][GTZC] default value MPCBB3 and MPCBB5 - Not Privileged memory - MPCBB4 is applicable
2022-10-24 09:54:01,998 [INFO] Rule:225 - rule 117617 - U5Cobra4M][GTZC] default value MPCBB3 and MPCBB5 - Privileged memory - MPCBB1 is applicable
2022-10-24 09:54:01,998 [INFO] Rule:225 - rule 117617 - U5Cobra4M][GTZC] default value MPCBB3 and MPCBB5 - Privileged memory - MPCBB2 is applicable
2022-10-24 09:54:01,998 [INFO] Rule:225 - rule 117617 - U5Cobra4M][GTZC] default value MPCBB3 and MPCBB5 - Privileged memory - MPCBB3 is applicable
2022-10-24 09:54:01,998 [INFO] Rule:225 - rule 117617 - U5Cobra4M][GTZC] default value MPCBB3 and MPCBB5 - Privileged memory - MPCBB4 is applicable
2022-10-24 09:54:01,999 [INFO] Rule:225 - rule 117617 - U5Cobra4M][GTZC] default value MPCBB3 and MPCBB5 - Privileged memory - MPCBB1 is applicable
2022-10-24 09:54:01,999 [INFO] Rule:225 - rule 117617 - U5Cobra4M][GTZC] default value MPCBB3 and MPCBB5 - Privileged memory - MPCBB2 is applicable
2022-10-24 09:54:01,999 [INFO] Rule:225 - rule 117617 - U5Cobra4M][GTZC] default value MPCBB3 and MPCBB5 - Privileged memory - MPCBB3 is applicable
2022-10-24 09:54:01,999 [INFO] Rule:225 - rule 117617 - U5Cobra4M][GTZC] default value MPCBB3 and MPCBB5 - Privileged memory - MPCBB4 is applicable
2022-10-24 09:54:01,999 [INFO] Rule:225 - rule 117617 - U5Cobra4M][GTZC] default value MPCBB3 and MPCBB5 - Not Privileged memory - MPCBB1 is applicable
2022-10-24 09:54:01,999 [INFO] Rule:225 - rule 117617 - U5Cobra4M][GTZC] default value MPCBB3 and MPCBB5 - Not Privileged memory - MPCBB2 is applicable
2022-10-24 09:54:02,000 [INFO] Rule:225 - rule 117617 - U5Cobra4M][GTZC] default value MPCBB3 and MPCBB5 - Not Privileged memory - MPCBB3 is applicable
2022-10-24 09:54:02,000 [INFO] Rule:225 - rule 117617 - U5Cobra4M][GTZC] default value MPCBB3 and MPCBB5 - Not Privileged memory - MPCBB4 is applicable
2022-10-24 09:54:02,000 [INFO] Rule:225 - rule 117617 - U5Cobra4M][GTZC] default value MPCBB3 and MPCBB5 - Privileged memory - MPCBB1 is applicable
2022-10-24 09:54:02,000 [INFO] Rule:225 - rule 117617 - U5Cobra4M][GTZC] default value MPCBB3 and MPCBB5 - Privileged memory - MPCBB2 is applicable
2022-10-24 09:54:02,000 [INFO] Rule:225 - rule 117617 - U5Cobra4M][GTZC] default value MPCBB3 and MPCBB5 - Privileged memory - MPCBB3 is applicable
2022-10-24 09:54:02,000 [INFO] Rule:225 - rule 117617 - U5Cobra4M][GTZC] default value MPCBB3 and MPCBB5 - Privileged memory - MPCBB4 is applicable
2022-10-24 09:54:02,001 [INFO] Rule:225 - rule Rename SubGHz_Phy SUBGHZ_APPLICATION SUBGHZ_PINGPONG to SUBGHZ_ADV_APPLICATION is applicable
2022-10-24 09:54:02,001 [INFO] Rule:225 - rule Rename Enabled to IBEACON is applicable
2022-10-24 09:54:02,001 [INFO] Rule:225 - rule GTZC_S instance for project manager is applicable
2022-10-24 09:54:02,001 [INFO] Rule:225 - rule GTZC_S instance for context M33S is applicable
2022-10-24 09:54:02,001 [INFO] Rule:225 - rule GTZC_S instance value for IP GTZC is applicable
2022-10-24 09:54:02,001 [INFO] Rule:225 - rule GTZC_S instance for mcu.IP is applicable
2022-10-24 09:54:02,002 [INFO] Rule:225 - rule GTZC_S instance for VP is applicable
2022-10-24 09:54:02,002 [INFO] Rule:225 - rule GTZC_S instance for signal is applicable
2022-10-24 09:54:02,002 [INFO] Rule:225 - rule GTZC_S instance for mcu.Pin is applicable
2022-10-24 09:54:02,002 [INFO] Rule:225 - rule GTZC_S instance for VP is applicable
2022-10-24 09:54:02,002 [INFO] Rule:225 - rule GTZC_S instance for signal is applicable
2022-10-24 09:54:02,002 [INFO] Rule:225 - rule GTZC_S instance for mcu is applicable
2022-10-24 09:54:02,002 [INFO] Rule:225 - rule GTZC_S instance for mcu.Pin is applicable
2022-10-24 09:54:02,003 [INFO] Rule:225 - rule GTZC_S instance value for IP GTZC is applicable
2022-10-24 09:54:02,003 [INFO] Rule:225 - rule GTZC_S instance for project manager is applicable
2022-10-24 09:54:02,003 [INFO] Rule:225 - rule GTZC_S instance for context M33S is applicable
2022-10-24 09:54:02,003 [INFO] Rule:225 - rule GTZC_S instance for VP is applicable
2022-10-24 09:54:02,003 [INFO] Rule:225 - rule GTZC_S instance for signal is applicable
2022-10-24 09:54:02,005 [INFO] Rule:225 - rule Change Default Value for ADC Clock Prescaler G0 family is applicable
2022-10-24 09:54:02,007 [INFO] Rule:225 - rule Change USART1CLockSelection refparam name for MP1 is applicable
2022-10-24 09:54:02,007 [INFO] Rule:225 - rule Change USART2CLockSelection refparam name for MP1 is applicable
2022-10-24 09:54:02,008 [INFO] Rule:225 - rule Change USART3CLockSelection refparam name for MP1 is applicable
2022-10-24 09:54:02,008 [INFO] Rule:225 - rule Change UART4CLockSelection refparam name for MP1 is applicable
2022-10-24 09:54:02,008 [INFO] Rule:225 - rule Change UART5CLockSelection refparam name for MP1 is applicable
2022-10-24 09:54:02,008 [INFO] Rule:225 - rule Change LPUART1CLockSelection refparam name for MP1 is applicable
2022-10-24 09:54:02,008 [INFO] Rule:225 - rule Change LPTIM1CLockSelection refparam name for MP1 is applicable
2022-10-24 09:54:02,008 [INFO] Rule:225 - rule Change LPTIM2CLockSelection refparam name for MP1 is applicable
2022-10-24 09:54:02,009 [INFO] Rule:225 - rule Change RCC_MCO1Source refparam name for MP1 is applicable
2022-10-24 09:54:02,009 [INFO] Rule:225 - rule Change LSCOSource1 refparam name for MP1 is applicable
2022-10-24 09:54:02,009 [INFO] Rule:225 - rule Change SMPSCLockSelection refparam name for MP1 is applicable
2022-10-24 09:54:02,009 [INFO] Rule:225 - rule Change LPTIM3CLockSelection refparam name for MP1 is applicable
2022-10-24 09:54:02,009 [INFO] Rule:225 - rule Change MPCBB* Default Template Mode to Parameters is applicable
2022-10-24 09:54:02,009 [INFO] Rule:225 - rule Change MPCWM* or MPCBB* Secure Mode to Parameters is applicable
2022-10-24 09:54:02,009 [INFO] Rule:225 - rule Change MPCWM* or MPCBB* No Secure Mode to Parameters is applicable
2022-10-24 09:54:02,010 [INFO] Rule:225 - rule Change TZSC IP Secure Mode to Parameters is applicable
2022-10-24 09:54:02,010 [INFO] Rule:225 - rule Change TZSC IP No Secure Mode to Parameters is applicable
2022-10-24 09:54:02,010 [INFO] Rule:225 - rule Change TZSC IP Privilege Mode to Parameters is applicable
2022-10-24 09:54:02,010 [INFO] Rule:225 - rule Change TZSC IP No Privilege Mode to Parameters is applicable
2022-10-24 09:54:02,010 [INFO] Rule:225 - rule Change TZIC IT Secure Mode to Parameters is applicable
2022-10-24 09:54:02,010 [INFO] Rule:225 - rule Change TZIC IT No Secure Mode to Parameters is applicable
2022-10-24 09:54:02,011 [INFO] Rule:225 - rule Add MPCBB1_NonSecureArea_Start_Address value with referenced to MPCBB1_NonSecureArea_Start value is applicable
2022-10-24 09:54:02,011 [INFO] Rule:225 - rule Add MPCBB2_NonSecureArea_Start_Address value with referenced to MPCBB2_NonSecureArea_Start value is applicable
2022-10-24 09:54:02,011 [INFO] Rule:225 - rule Add MPCWM1_NonSecureArea*_Start_Address value with referenced to MPCWM1_NonSecureArea*_Start value is applicable
2022-10-24 09:54:02,011 [INFO] Rule:225 - rule Add MPCWM2_NonSecureArea*_Start_Address value with referenced to MPCWM2_NonSecureArea*_Start value is applicable
2022-10-24 09:54:02,011 [INFO] Rule:225 - rule Add MPCWM3_NonSecureArea_Start_Address value with referenced to MPCWM3_NonSecureArea_Start value is applicable
2022-10-24 09:54:02,011 [INFO] Rule:225 - rule Change Default Value for PLL1UserDefinedConfig is applicable
2022-10-24 09:54:02,012 [INFO] Rule:225 - rule OPAMP is applicable
2022-10-24 09:54:02,012 [INFO] Rule:225 - rule LPUART IPParameter rename Prescaler parameter to ClockPrescaler for STM32H7 is applicable
2022-10-24 09:54:02,012 [INFO] Rule:225 - rule LPUART IPParameter rename Prescaler parameter to ClockPrescaler for STM32H7 is applicable
2022-10-24 09:54:02,012 [INFO] Rule:225 - rule LPUART IPParameter rename Prescaler parameter to ClockPrescaler for STM32WB is applicable
2022-10-24 09:54:02,012 [INFO] Rule:225 - rule LPUART IPParameter rename Prescaler parameter to ClockPrescaler for STM32WB is applicable
2022-10-24 09:54:02,012 [INFO] Rule:225 - rule LPUART IPParameter rename Prescaler parameter to ClockPrescaler for STM32G4 is applicable
2022-10-24 09:54:02,013 [INFO] Rule:225 - rule LPUART IPParameter rename Prescaler parameter to ClockPrescaler for STM32G4 is applicable
2022-10-24 09:54:02,013 [INFO] Rule:225 - rule LPUART IPParameter rename Prescaler parameter to ClockPrescaler for STM32L5 is applicable
2022-10-24 09:54:02,013 [INFO] Rule:225 - rule LPUART IPParameter rename Prescaler parameter to ClockPrescaler for STM32L5 is applicable
2022-10-24 09:54:02,013 [INFO] Rule:225 - rule LPUART IPParameter rename Prescaler parameter to ClockPrescaler for STM32G4 is applicable
2022-10-24 09:54:02,013 [INFO] Rule:225 - rule LPUART IPParameter rename Prescaler parameter to ClockPrescaler for STM32G4 is applicable
2022-10-24 09:54:02,013 [INFO] Rule:225 - rule USB device lib V2.5.3 for L0 rename USBD_SUPPORT_USER_STRING parameter to USBD_SUPPORT_USER_STRING_DESC4 is applicable
2022-10-24 09:54:02,014 [INFO] Rule:225 - rule I2SCLockSelection clock entry align is applicable
2022-10-24 09:54:02,014 [INFO] Rule:225 - rule Assign TIMx context if used as SYS timebase is applicable
2022-10-24 09:54:02,014 [INFO] Rule:225 - rule Change GPIO_Pu Default Value for I2C is applicable
2022-10-24 09:54:02,014 [INFO] Rule:225 - rule Change GPIO_Pu Default Value for SMBus is applicable
2022-10-24 09:54:02,014 [INFO] Rule:225 - rule change FDCAN default value is applicable
2022-10-24 09:54:02,082 [INFO] DbConfProperties:305 - Apply Compatibility (7/99 Rules)
2022-10-24 09:54:02,670 [WARN] ApiManager:308 - Cannot register API 'Board Extension:GNSS1A1' from pack STMicroelectronics.X-CUBE-GNSS1.6.0.0: no header file found
2022-10-24 09:54:02,670 [WARN] ApiManager:308 - Cannot register API 'Board Support:Custom' from pack STMicroelectronics.X-CUBE-GNSS1.6.0.0: no header file found
2022-10-24 09:54:02,670 [WARN] ApiManager:308 - Cannot register API 'Data Exchange:lib_gnss' from pack STMicroelectronics.X-CUBE-GNSS1.6.0.0: no header file found
2022-10-24 09:54:02,714 [WARN] ApiManager:308 - Cannot register API 'Wireless:BlueNRG-MS' from pack STMicroelectronics.X-CUBE-BLE1.6.2.3: no header file found
2022-10-24 09:54:02,721 [INFO] RtosManager:488 - Registered RTOS mode: class=CMSIS, group=RTOS, mode=CMSIS_V1, owner=FREERTOS
2022-10-24 09:54:02,721 [INFO] RtosManager:488 - Registered RTOS mode: class=CMSIS, group=RTOS2, mode=CMSIS_V2, owner=FREERTOS
2022-10-24 09:54:02,721 [INFO] RtosManager:488 - Registered RTOS mode: class=RTOS, group=Core, mode=CMSIS_V1, owner=FREERTOS
2022-10-24 09:54:02,722 [INFO] RtosManager:488 - Registered RTOS mode: class=RTOS, group=Core, mode=CMSIS_V2, owner=FREERTOS
2022-10-24 09:54:02,722 [WARN] ModelIntegratedComponent:185 - Missing modes for component STMicroelectronics:FreeRTOS:0.0.1:STMicroelectronics:RTOS:FreeRTOS:Core:::10.2.0:
2022-10-24 09:54:02,741 [WARN] ApiManager:308 - Cannot register API 'Board Extension:S2868A1' from pack STMicroelectronics.X-CUBE-SUBG2.5.0.0: no header file found
2022-10-24 09:54:02,741 [WARN] ApiManager:308 - Cannot register API 'Board Extension:S2868A2' from pack STMicroelectronics.X-CUBE-SUBG2.5.0.0: no header file found
2022-10-24 09:54:02,741 [WARN] ApiManager:308 - Cannot register API 'Board Extension:S2915A1' from pack STMicroelectronics.X-CUBE-SUBG2.5.0.0: no header file found
2022-10-24 09:54:02,783 [WARN] ApiManager:308 - Cannot register API 'Board Extension:NFC04A1' from pack STMicroelectronics.X-CUBE-NFC4.2.0.4: no header file found
2022-10-24 09:54:02,812 [WARN] ModelIntegratedComponent:64 - No mode defined for component null
2022-10-24 09:54:02,813 [WARN] ModelIntegratedComponent:64 - No mode defined for component null
2022-10-24 09:54:02,813 [WARN] ModelIntegratedComponent:64 - No mode defined for component null
2022-10-24 09:54:02,813 [WARN] ModelIntegratedComponent:64 - No mode defined for component null
2022-10-24 09:54:02,814 [WARN] ModelIntegratedComponent:64 - No mode defined for component null
2022-10-24 09:54:02,814 [WARN] ModelIntegratedComponent:64 - No mode defined for component null
2022-10-24 09:54:02,814 [WARN] ModelIntegratedComponent:64 - No mode defined for component null
2022-10-24 09:54:02,814 [WARN] ModelIntegratedComponent:64 - No mode defined for component null
2022-10-24 09:54:02,814 [WARN] ModelIntegratedComponent:64 - No mode defined for component null
2022-10-24 09:54:02,814 [WARN] ModelIntegratedComponent:64 - No mode defined for component null
2022-10-24 09:54:02,815 [WARN] ModelIntegratedComponent:64 - No mode defined for component null
2022-10-24 09:54:02,815 [WARN] ModelIntegratedComponent:64 - No mode defined for component null
2022-10-24 09:54:02,815 [WARN] ModelIntegratedComponent:64 - No mode defined for component null
2022-10-24 09:54:02,815 [WARN] ModelIntegratedComponent:64 - No mode defined for component null
2022-10-24 09:54:02,815 [WARN] ModelIntegratedComponent:64 - No mode defined for component null
2022-10-24 09:54:02,815 [WARN] ModelIntegratedComponent:64 - No mode defined for component null
2022-10-24 09:54:02,816 [WARN] ModelIntegratedComponent:64 - No mode defined for component null
2022-10-24 09:54:02,816 [WARN] ModelIntegratedComponent:64 - No mode defined for component null
2022-10-24 09:54:02,816 [WARN] ModelIntegratedComponent:64 - No mode defined for component null
2022-10-24 09:54:02,816 [WARN] ModelIntegratedComponent:64 - No mode defined for component null
2022-10-24 09:54:02,816 [WARN] ModelIntegratedComponent:64 - No mode defined for component null
2022-10-24 09:54:02,817 [WARN] ModelIntegratedComponent:64 - No mode defined for component null
2022-10-24 09:54:02,817 [WARN] ModelIntegratedComponent:64 - No mode defined for component null
2022-10-24 09:54:02,817 [WARN] ModelIntegratedComponent:64 - No mode defined for component null
2022-10-24 09:54:02,817 [WARN] ModelIntegratedComponent:64 - No mode defined for component null
2022-10-24 09:54:02,817 [WARN] ModelIntegratedComponent:64 - No mode defined for component null
2022-10-24 09:54:02,817 [WARN] ModelIntegratedComponent:64 - No mode defined for component null
2022-10-24 09:54:02,818 [WARN] ModelIntegratedComponent:64 - No mode defined for component null
2022-10-24 09:54:02,818 [WARN] ModelIntegratedComponent:64 - No mode defined for component null
2022-10-24 09:54:02,818 [WARN] ModelIntegratedComponent:64 - No mode defined for component null
2022-10-24 09:54:02,818 [WARN] ModelIntegratedComponent:64 - No mode defined for component null
2022-10-24 09:54:02,818 [WARN] ModelIntegratedComponent:64 - No mode defined for component null
2022-10-24 09:54:02,819 [WARN] ModelIntegratedComponent:64 - No mode defined for component null
2022-10-24 09:54:02,826 [WARN] ApiManager:308 - Cannot register API 'Board Extension:NFC07A1' from pack STMicroelectronics.X-CUBE-NFC7.1.0.0: no header file found
2022-10-24 09:54:03,296 [WARN] ApiManager:308 - Cannot register API 'Board Extension:IKS01A3' from pack STMicroelectronics.X-CUBE-MEMS1.9.3.0: no header file found
2022-10-24 09:54:03,297 [WARN] ApiManager:308 - Cannot register API 'Board Extension:IKS01A2' from pack STMicroelectronics.X-CUBE-MEMS1.9.3.0: no header file found
2022-10-24 09:54:03,297 [WARN] ApiManager:308 - Cannot register API 'Board Extension:IKS02A1' from pack STMicroelectronics.X-CUBE-MEMS1.9.3.0: no header file found
2022-10-24 09:54:03,329 [WARN] ApiManager:308 - Cannot register API 'Board Extension:EEPRMA1' from pack STMicroelectronics.X-CUBE-EEPRMA1.3.1.1: no header file found
2022-10-24 09:54:03,330 [WARN] ApiManager:308 - Cannot register API 'Board Extension:EEPRMA2' from pack STMicroelectronics.X-CUBE-EEPRMA1.3.1.1: no header file found
2022-10-24 09:54:03,334 [WARN] ApiManager:308 - Cannot register API 'Board Extension:S2868A1' from pack STMicroelectronics.X-CUBE-SFXS2LP1.4.0.0: no header file found
2022-10-24 09:54:03,334 [WARN] ApiManager:308 - Cannot register API 'Board Extension:S2868A2' from pack STMicroelectronics.X-CUBE-SFXS2LP1.4.0.0: no header file found
2022-10-24 09:54:03,335 [WARN] ApiManager:308 - Cannot register API 'Board Extension:S2915A1' from pack STMicroelectronics.X-CUBE-SFXS2LP1.4.0.0: no header file found
2022-10-24 09:54:03,337 [WARN] ApiManager:308 - Cannot register API 'Wireless:BlueNRG-2' from pack STMicroelectronics.X-CUBE-BLE2.3.3.0: no header file found
2022-10-24 09:54:03,391 [INFO] ThirdPartyModel:289 - Start build external matchings
2022-10-24 09:54:04,522 [INFO] ThirdPartyModel:302 - End build external matchings
2022-10-24 09:54:05,865 [INFO] UtilMem:74 - End LoadConfig() Used Memory: 646917832 Bytes (808452096)
2022-10-24 09:54:05,943 [WARN] ThirdParty:789 - waiting for thirdparty lock release [change project]
2022-10-24 09:54:05,944 [INFO] ThirdParty:791 - entering critical section [change project]
2022-10-24 09:54:05,951 [INFO] ThirdParty:981 - CMSIS Pack Vendor :RoweBots I-CUBE-UNISONRTOS 5.5.0-4
2022-10-24 09:54:05,951 [INFO] ThirdParty:981 - CMSIS Pack Vendor :STMicroelectronics X-CUBE-GNSS1 6.0.0
2022-10-24 09:54:05,952 [INFO] ThirdParty:981 - CMSIS Pack Vendor :STMicroelectronics X-CUBE-AZRTOS-H7 2.1.0
2022-10-24 09:54:05,952 [INFO] ThirdParty:981 - CMSIS Pack Vendor :STMicroelectronics USB_HOST 2.0.0
2022-10-24 09:54:05,952 [INFO] ThirdParty:981 - CMSIS Pack Vendor :STMicroelectronics X-CUBE-AZRTOS-F4 1.1.0
2022-10-24 09:54:05,952 [INFO] ThirdParty:981 - CMSIS Pack Vendor :STMicroelectronics LIBJPEG 8.0.0
2022-10-24 09:54:05,953 [INFO] ThirdParty:981 - CMSIS Pack Vendor :STMicroelectronics USB_DEVICE 3.0.0
2022-10-24 09:54:05,953 [INFO] ThirdParty:981 - CMSIS Pack Vendor :STMicroelectronics X-CUBE-BLEMGR 1.0.0
2022-10-24 09:54:05,954 [INFO] ThirdParty:981 - CMSIS Pack Vendor :STMicroelectronics X-CUBE-BLEMGR 1.2.0
2022-10-24 09:54:05,954 [INFO] ThirdParty:981 - CMSIS Pack Vendor :STMicroelectronics X-CUBE-AZRTOS-F7 1.1.0
2022-10-24 09:54:05,954 [INFO] ThirdParty:981 - CMSIS Pack Vendor :STMicroelectronics USB_DEVICE 2.0.0
2022-10-24 09:54:05,955 [INFO] ThirdParty:981 - CMSIS Pack Vendor :STMicroelectronics X-CUBE-BLE1 6.2.3
2022-10-24 09:54:05,956 [INFO] ThirdParty:981 - CMSIS Pack Vendor :STMicroelectronics X-CUBE-ALGOBUILD 1.3.0
2022-10-24 09:54:05,956 [INFO] ThirdParty:981 - CMSIS Pack Vendor :STMicroelectronics FreeRTOS 0.0.1
2022-10-24 09:54:05,956 [INFO] ThirdParty:981 - CMSIS Pack Vendor :STMicroelectronics X-CUBE-AZRTOS-G0 1.1.0
2022-10-24 09:54:05,956 [INFO] ThirdParty:981 - CMSIS Pack Vendor :STMicroelectronics X-CUBE-SUBG2 5.0.0
2022-10-24 09:54:05,956 [INFO] ThirdParty:981 - CMSIS Pack Vendor :SEGGER I-CUBE-embOS 1.2.0
2022-10-24 09:54:05,956 [INFO] ThirdParty:981 - CMSIS Pack Vendor :STMicroelectronics STM32_WPAN 1.0.0
2022-10-24 09:54:05,956 [INFO] ThirdParty:981 - CMSIS Pack Vendor :STMicroelectronics lwIP 2.0.3
2022-10-24 09:54:05,956 [INFO] ThirdParty:981 - CMSIS Pack Vendor :STMicroelectronics X-CUBE-NFC4 2.0.4
2022-10-24 09:54:05,957 [INFO] ThirdParty:981 - CMSIS Pack Vendor :STMicroelectronics USB_HOST 1.0.0
2022-10-24 09:54:05,957 [INFO] ThirdParty:981 - CMSIS Pack Vendor :STMicroelectronics PDM2PCM 3.1.0
2022-10-24 09:54:05,957 [INFO] ThirdParty:981 - CMSIS Pack Vendor :STMicroelectronics FP-ATR-ASTRA1 1.1.1
2022-10-24 09:54:05,957 [INFO] ThirdParty:981 - CMSIS Pack Vendor :STMicroelectronics PDM2PCM 3.3.0
2022-10-24 09:54:05,957 [INFO] ThirdParty:981 - CMSIS Pack Vendor :STMicroelectronics X-CUBE-TOF1 3.1.0
2022-10-24 09:54:05,957 [INFO] ThirdParty:981 - CMSIS Pack Vendor :STMicroelectronics X-CUBE-AZRTOS-G4 1.0.0
2022-10-24 09:54:05,957 [INFO] ThirdParty:981 - CMSIS Pack Vendor :STMicroelectronics FP-ATR-SIGFOX1 3.2.0
2022-10-24 09:54:05,958 [INFO] ThirdParty:981 - CMSIS Pack Vendor :STMicroelectronics X-CUBE-AZRTOS-L4 1.0.0
2022-10-24 09:54:05,958 [INFO] ThirdParty:981 - CMSIS Pack Vendor :wolfSSL I-CUBE-wolfSSL 5.5.0
2022-10-24 09:54:05,958 [INFO] ThirdParty:981 - CMSIS Pack Vendor :STMicroelectronics HAL Drivers 0.0.0
2022-10-24 09:54:05,958 [INFO] ThirdParty:981 - CMSIS Pack Vendor :STMicroelectronics MBEDTLS 2.16.2
2022-10-24 09:54:05,958 [INFO] ThirdParty:981 - CMSIS Pack Vendor :emotas I-CUBE-CANOPEN 1.1.2
2022-10-24 09:54:05,958 [INFO] ThirdParty:981 - CMSIS Pack Vendor :STMicroelectronics X-CUBE-TOUCHGFX 4.20.0
2022-10-24 09:54:05,958 [INFO] ThirdParty:981 - CMSIS Pack Vendor :STMicroelectronics MBEDTLS 2.14.1
2022-10-24 09:54:05,958 [INFO] ThirdParty:981 - CMSIS Pack Vendor :STMicroelectronics X-CUBE-NFC7 1.0.0
2022-10-24 09:54:05,959 [INFO] ThirdParty:981 - CMSIS Pack Vendor :STMicroelectronics X-CUBE-AZRTOS-WL 1.0.0
2022-10-24 09:54:05,959 [INFO] ThirdParty:981 - CMSIS Pack Vendor :STMicroelectronics X-CUBE-MEMS1 9.3.0
2022-10-24 09:54:05,959 [INFO] ThirdParty:981 - CMSIS Pack Vendor :portGmbH I-Cube-SoM-uGOAL 1.1.0
2022-10-24 09:54:05,959 [INFO] ThirdParty:981 - CMSIS Pack Vendor :STMicroelectronics X-CUBE-ALS 1.0.1
2022-10-24 09:54:05,959 [INFO] ThirdParty:981 - CMSIS Pack Vendor :STMicroelectronics X-CUBE-AI 7.2.0
2022-10-24 09:54:05,959 [INFO] ThirdParty:981 - CMSIS Pack Vendor :STMicroelectronics ThreadX 1.0.0
2022-10-24 09:54:05,959 [INFO] ThirdParty:981 - CMSIS Pack Vendor :STMicroelectronics X-CUBE-AZRTOS-L5 1.0.0
2022-10-24 09:54:05,959 [INFO] ThirdParty:981 - CMSIS Pack Vendor :STMicroelectronics USB_DEVICE 1.0.0
2022-10-24 09:54:05,960 [INFO] ThirdParty:981 - CMSIS Pack Vendor :STMicroelectronics X-CUBE-EEPRMA1 3.1.1
2022-10-24 09:54:05,960 [INFO] ThirdParty:981 - CMSIS Pack Vendor :STMicroelectronics ThreadX 0.0.2
2022-10-24 09:54:05,960 [INFO] ThirdParty:981 - CMSIS Pack Vendor :STMicroelectronics lwIP 2.1.2
2022-10-24 09:54:05,960 [INFO] ThirdParty:981 - CMSIS Pack Vendor :STMicroelectronics X-CUBE-SFXS2LP1 4.0.0
2022-10-24 09:54:05,960 [INFO] ThirdParty:981 - CMSIS Pack Vendor :STMicroelectronics X-CUBE-BLE2 3.3.0
2022-10-24 09:54:05,960 [INFO] ThirdParty:981 - CMSIS Pack Vendor :STMicroelectronics X-CUBE-DISPLAY 2.2.0
2022-10-24 09:54:05,960 [INFO] ThirdParty:981 - CMSIS Pack Vendor :STMicroelectronics X-CUBE-TOF1 3.2.0
2022-10-24 09:54:05,961 [INFO] ThirdParty:981 - CMSIS Pack Vendor :STMicroelectronics PDM2PCM 3.2.0
2022-10-24 09:54:05,961 [INFO] ThirdParty:981 - CMSIS Pack Vendor :STMicroelectronics X-CUBE-ISPU 1.0.0
2022-10-24 09:54:05,961 [INFO] ThirdParty:797 - exiting critical section [change project]
2022-10-24 09:54:08,217 [INFO] PinOutPanel:1468 - setPackage(No Configuration,No Configuration)
2022-10-24 09:54:08,220 [INFO] PinOutPanel:1468 - setPackage(STM32G474RETx,LQFP64)
2022-10-24 09:54:10,081 [INFO] UtilMem:74 - Before build in PCC Used Memory: 658403528 Bytes (808452096)
2022-10-24 09:54:13,927 [INFO] UtilMem:74 - After build in PCC Used Memory: 668512744 Bytes (808452096)
2022-10-24 09:54:14,083 [INFO] IPUIPlugin:79 - create IPUIPlugin
2022-10-24 09:54:14,084 [INFO] IPUIPlugin:79 - create IPUIPlugin
2022-10-24 09:54:14,085 [INFO] IPUIPlugin:79 - create IPUIPlugin
2022-10-24 09:54:14,085 [INFO] IPUIPlugin:79 - create IPUIPlugin
2022-10-24 09:54:14,086 [INFO] IPUIPlugin:79 - create IPUIPlugin
2022-10-24 09:54:14,086 [INFO] IPUIPlugin:79 - create IPUIPlugin
2022-10-24 09:54:14,087 [INFO] IPUIPlugin:79 - create IPUIPlugin
2022-10-24 09:54:14,087 [INFO] IPUIPlugin:79 - create IPUIPlugin
2022-10-24 09:54:14,088 [INFO] IPUIPlugin:79 - create IPUIPlugin
2022-10-24 09:54:14,088 [INFO] IPUIPlugin:79 - create IPUIPlugin
2022-10-24 09:54:14,089 [INFO] IPUIPlugin:79 - create IPUIPlugin
2022-10-24 09:54:14,089 [INFO] IPUIPlugin:79 - create IPUIPlugin
2022-10-24 09:54:14,090 [INFO] IPUIPlugin:79 - create IPUIPlugin
2022-10-24 09:54:14,091 [INFO] IPUIPlugin:79 - create IPUIPlugin
2022-10-24 09:54:14,092 [INFO] IPUIPlugin:79 - create IPUIPlugin
2022-10-24 09:54:14,093 [INFO] IPUIPlugin:79 - create IPUIPlugin
2022-10-24 09:54:14,094 [INFO] IPUIPlugin:79 - create IPUIPlugin
2022-10-24 09:54:14,095 [INFO] IPUIPlugin:79 - create IPUIPlugin
2022-10-24 09:54:14,095 [INFO] IPUIPlugin:79 - create IPUIPlugin
2022-10-24 09:54:14,096 [INFO] IPUIPlugin:79 - create IPUIPlugin
2022-10-24 09:54:14,096 [INFO] IPUIPlugin:79 - create IPUIPlugin
2022-10-24 09:54:14,097 [INFO] IPUIPlugin:79 - create IPUIPlugin
2022-10-24 09:54:14,097 [INFO] IPUIPlugin:79 - create IPUIPlugin
2022-10-24 09:54:14,098 [INFO] IPUIPlugin:79 - create IPUIPlugin
2022-10-24 09:54:14,099 [INFO] IPUIPlugin:79 - create IPUIPlugin
2022-10-24 09:54:14,099 [INFO] IPUIPlugin:79 - create IPUIPlugin
2022-10-24 09:54:14,100 [INFO] IPUIPlugin:79 - create IPUIPlugin
2022-10-24 09:54:14,101 [INFO] IPUIPlugin:79 - create IPUIPlugin
2022-10-24 09:54:14,102 [INFO] IPUIPlugin:79 - create IPUIPlugin
2022-10-24 09:54:14,102 [INFO] IPUIPlugin:79 - create IPUIPlugin
2022-10-24 09:54:14,103 [INFO] IPUIPlugin:79 - create IPUIPlugin
2022-10-24 09:54:14,103 [INFO] IPUIPlugin:79 - create IPUIPlugin
2022-10-24 09:54:14,103 [INFO] IPUIPlugin:79 - create IPUIPlugin
2022-10-24 09:54:14,104 [INFO] IPUIPlugin:79 - create IPUIPlugin
2022-10-24 09:54:14,105 [INFO] IPUIPlugin:79 - create IPUIPlugin
2022-10-24 09:54:14,106 [INFO] IPUIPlugin:79 - create IPUIPlugin
2022-10-24 09:54:14,107 [INFO] IPUIPlugin:79 - create IPUIPlugin
2022-10-24 09:54:14,108 [INFO] IPUIPlugin:79 - create IPUIPlugin
2022-10-24 09:54:14,109 [INFO] IPUIPlugin:79 - create IPUIPlugin
2022-10-24 09:54:14,110 [INFO] IPUIPlugin:79 - create IPUIPlugin
2022-10-24 09:54:14,111 [INFO] IPUIPlugin:79 - create IPUIPlugin
2022-10-24 09:54:14,112 [INFO] IPUIPlugin:79 - create IPUIPlugin
2022-10-24 09:54:14,113 [INFO] IPUIPlugin:79 - create IPUIPlugin
2022-10-24 09:54:14,113 [INFO] IPUIPlugin:79 - create IPUIPlugin
2022-10-24 09:54:14,114 [INFO] IPUIPlugin:79 - create IPUIPlugin
2022-10-24 09:54:14,115 [INFO] IPUIPlugin:79 - create IPUIPlugin
2022-10-24 09:54:14,116 [INFO] IPUIPlugin:79 - create IPUIPlugin
2022-10-24 09:54:14,117 [INFO] IPUIPlugin:79 - create IPUIPlugin
2022-10-24 09:54:14,120 [INFO] IPUIPlugin:79 - create IPUIPlugin
2022-10-24 09:54:14,121 [INFO] IPUIPlugin:79 - create IPUIPlugin
2022-10-24 09:54:14,121 [INFO] IPUIPlugin:79 - create IPUIPlugin
2022-10-24 09:54:14,122 [INFO] IPUIPlugin:79 - create IPUIPlugin
2022-10-24 09:54:14,122 [INFO] IPUIPlugin:79 - create IPUIPlugin
2022-10-24 09:54:14,123 [INFO] IPUIPlugin:79 - create IPUIPlugin
2022-10-24 09:54:14,125 [INFO] IPUIPlugin:79 - create IPUIPlugin
2022-10-24 09:54:14,126 [INFO] IPUIPlugin:79 - create IPUIPlugin
2022-10-24 09:54:14,127 [INFO] IPUIPlugin:79 - create IPUIPlugin
2022-10-24 09:54:14,128 [INFO] IPUIPlugin:79 - create IPUIPlugin
2022-10-24 09:54:14,129 [INFO] IPUIPlugin:79 - create IPUIPlugin
2022-10-24 09:54:14,130 [INFO] IPUIPlugin:79 - create IPUIPlugin
2022-10-24 09:54:14,131 [INFO] IPUIPlugin:79 - create IPUIPlugin
2022-10-24 09:54:14,132 [INFO] IPUIPlugin:79 - create IPUIPlugin
2022-10-24 09:54:14,133 [INFO] IPUIPlugin:79 - create IPUIPlugin
2022-10-24 09:54:14,135 [INFO] IPUIPlugin:79 - create IPUIPlugin
2022-10-24 09:54:14,136 [INFO] IPUIPlugin:79 - create IPUIPlugin
2022-10-24 09:54:14,138 [INFO] IPUIPlugin:79 - create IPUIPlugin
2022-10-24 09:54:14,139 [INFO] IPUIPlugin:79 - create IPUIPlugin
2022-10-24 09:54:14,140 [INFO] IPUIPlugin:79 - create IPUIPlugin
2022-10-24 09:54:14,141 [INFO] IPUIPlugin:79 - create IPUIPlugin
2022-10-24 09:54:14,142 [INFO] IPUIPlugin:79 - create IPUIPlugin
2022-10-24 09:54:14,143 [INFO] IPUIPlugin:79 - create IPUIPlugin
2022-10-24 09:54:14,144 [INFO] IPUIPlugin:79 - create IPUIPlugin
2022-10-24 09:54:14,145 [INFO] IPUIPlugin:79 - create IPUIPlugin
2022-10-24 09:54:14,146 [INFO] IPUIPlugin:79 - create IPUIPlugin
2022-10-24 09:54:14,148 [INFO] IPUIPlugin:79 - create IPUIPlugin
2022-10-24 09:54:14,149 [INFO] IPUIPlugin:79 - create IPUIPlugin
2022-10-24 09:54:14,151 [INFO] IPUIPlugin:79 - create IPUIPlugin
2022-10-24 09:54:14,756 [INFO] OpenFileManager:327 - Restore cursor
2022-10-24 09:54:15,965 [INFO] UtilMem:74 - End SaveConfig() Used Memory: 673838584 Bytes (808452096)
2022-10-24 09:54:33,222 [INFO] AnalyticsPlugin:358 - Accepted License(s) without tracking enabled: [FW.G4.1.5.0]
2022-10-24 09:54:33,224 [INFO] FileExtend:239 - Unzip File : stm32cube_fw_g4_v150.zip
2022-10-24 09:54:33,225 [INFO] FileExtend:254 - Standard Zip Deflate
2022-10-24 09:54:55,357 [INFO] ServerAccessManage:474 - Download File stm32cube_fw_g4_v151.zip
2022-10-24 09:54:55,956 [INFO] FileExtend:239 - Unzip File : stm32cube_fw_g4_v151.zip
2022-10-24 09:54:55,957 [INFO] FileExtend:254 - Standard Zip Deflate
2022-10-24 09:54:57,121 [INFO] LoadServerPackagesThread:190 - End of LoadServerPackages Thread
2022-10-24 09:54:57,649 [INFO] ThirdPartyModel:289 - Start build external matchings
2022-10-24 09:54:58,852 [INFO] ThirdPartyModel:302 - End build external matchings
2022-10-24 09:54:58,885 [INFO] CheckServerUpdateThread:119 - End of CheckServer Thread
2022-10-24 09:56:17,296 [INFO] McuFinderGlobals:57 - Set McuFinderConnectedMode to true
2022-10-24 09:56:17,301 [INFO] ApiDb:443 - Save user favorites file /home/yule/.stm32cubeide/favorites.mcus.txt: 0 item(s)
2022-10-24 09:56:17,302 [INFO] ApiDb:447 - User favorites MCUs=[]
2022-10-24 09:56:17,304 [INFO] ApiDb:443 - Save user favorites file /home/yule/.stm32cubeide/favorites.boards.txt: 0 item(s)
2022-10-24 09:56:17,305 [INFO] ApiDb:447 - User favorites Boards=[]
2022-10-24 10:07:18,347 [INFO] UtilMem:74 - End SaveConfig() Used Memory: 382287872 Bytes (1073741824)
2022-10-24 10:07:20,836 [INFO] UtilMem:74 - End SaveConfig() Used Memory: 449925720 Bytes (1073741824)
2022-10-24 10:07:24,532 [INFO] UtilMem:74 - End SaveConfig() Used Memory: 528569352 Bytes (1073741824)
2022-10-24 10:07:26,509 [INFO] BlockDiagram:2753 - set Specific Code input for plugin: TIM1_8G4
2022-10-24 10:07:26,509 [INFO] BlockDiagram:2753 - set Specific Code input for plugin: SYS
2022-10-24 10:07:26,510 [INFO] BlockDiagram:2753 - set Specific Code input for plugin: RCC
2022-10-24 10:07:26,510 [INFO] BlockDiagram:2753 - set Specific Code input for plugin: NVIC
2022-10-24 10:07:26,510 [INFO] BlockDiagram:2753 - set Specific Code input for plugin: USART
2022-10-24 10:07:26,512 [INFO] BlockDiagram:2753 - set Specific Code input for plugin: GPIO
2022-10-24 10:07:26,516 [INFO] CodeGenerator:690 - code generatio: config db path: /opt/st/stm32cubeide_1.10.1/plugins/com.st.stm32cube.common.mx_6.6.1.202207061420//db/
2022-10-24 10:07:28,167 [INFO] CodeEngine:245 - oldGeneratedFile, /home/yule/Documents/ENSEA/Ensea_2022-2023/Actionneur_et_automatique/code NUCLEO-STM32/TP_actionneur/MXTmpFiles/license.tmp_save
2022-10-24 10:07:29,477 [INFO] CodeEngine:269 - Generated code: /home/yule/Documents/ENSEA/Ensea_2022-2023/Actionneur_et_automatique/code NUCLEO-STM32/TP_actionneur/MXTmpFiles/license.tmp
2022-10-24 10:07:29,866 [INFO] CodeEngine:245 - oldGeneratedFile, /home/yule/Documents/ENSEA/Ensea_2022-2023/Actionneur_et_automatique/code NUCLEO-STM32/TP_actionneur/MXTmpFiles/gpio.tmp_save
2022-10-24 10:07:30,336 [INFO] CodeEngine:269 - Generated code: /home/yule/Documents/ENSEA/Ensea_2022-2023/Actionneur_et_automatique/code NUCLEO-STM32/TP_actionneur/MXTmpFiles/gpio.tmp
2022-10-24 10:07:31,476 [INFO] CodeEngine:245 - oldGeneratedFile, /home/yule/Documents/ENSEA/Ensea_2022-2023/Actionneur_et_automatique/code NUCLEO-STM32/TP_actionneur/Core/Src/stm32g4xx_it.c_save
2022-10-24 10:07:31,991 [INFO] CodeEngine:269 - Generated code: /home/yule/Documents/ENSEA/Ensea_2022-2023/Actionneur_et_automatique/code NUCLEO-STM32/TP_actionneur/Core/Src/stm32g4xx_it.c
2022-10-24 10:07:31,996 [INFO] CodeEngine:245 - oldGeneratedFile, /home/yule/Documents/ENSEA/Ensea_2022-2023/Actionneur_et_automatique/code NUCLEO-STM32/TP_actionneur/Core/Inc/stm32g4xx_it.h_save
2022-10-24 10:07:32,367 [INFO] CodeEngine:269 - Generated code: /home/yule/Documents/ENSEA/Ensea_2022-2023/Actionneur_et_automatique/code NUCLEO-STM32/TP_actionneur/Core/Inc/stm32g4xx_it.h
2022-10-24 10:07:32,383 [INFO] CodeEngine:245 - oldGeneratedFile, /home/yule/Documents/ENSEA/Ensea_2022-2023/Actionneur_et_automatique/code NUCLEO-STM32/TP_actionneur/Core/Src/stm32g4xx_hal_msp.c_save
2022-10-24 10:07:33,001 [INFO] CodeEngine:269 - Generated code: /home/yule/Documents/ENSEA/Ensea_2022-2023/Actionneur_et_automatique/code NUCLEO-STM32/TP_actionneur/Core/Src/stm32g4xx_hal_msp.c
2022-10-24 10:07:33,005 [INFO] CodeEngine:245 - oldGeneratedFile, /home/yule/Documents/ENSEA/Ensea_2022-2023/Actionneur_et_automatique/code NUCLEO-STM32/TP_actionneur/MXTmpFiles/system.tmp_save
2022-10-24 10:07:33,813 [INFO] CodeEngine:269 - Generated code: /home/yule/Documents/ENSEA/Ensea_2022-2023/Actionneur_et_automatique/code NUCLEO-STM32/TP_actionneur/MXTmpFiles/system.tmp
2022-10-24 10:07:33,822 [INFO] CodeEngine:245 - oldGeneratedFile, /home/yule/Documents/ENSEA/Ensea_2022-2023/Actionneur_et_automatique/code NUCLEO-STM32/TP_actionneur/Core/Inc/stm32g4xx_hal_conf.h_save
2022-10-24 10:07:34,172 [INFO] CodeEngine:269 - Generated code: /home/yule/Documents/ENSEA/Ensea_2022-2023/Actionneur_et_automatique/code NUCLEO-STM32/TP_actionneur/Core/Inc/stm32g4xx_hal_conf.h
2022-10-24 10:07:34,280 [WARN] IPConfigManager:2910 - Warning: the RefConfig RCC_CommonPeriphClockConfig is not available in your config.xml file
2022-10-24 10:07:34,295 [WARN] IPConfigManager:3348 - IP not found : TIM
2022-10-24 10:07:34,297 [WARN] CodeGenerator:3567 - IP not found : null
2022-10-24 10:07:34,305 [INFO] CodeEngine:245 - oldGeneratedFile, /home/yule/Documents/ENSEA/Ensea_2022-2023/Actionneur_et_automatique/code NUCLEO-STM32/TP_actionneur/Core/Inc/main.h_save
2022-10-24 10:07:34,649 [INFO] CodeEngine:269 - Generated code: /home/yule/Documents/ENSEA/Ensea_2022-2023/Actionneur_et_automatique/code NUCLEO-STM32/TP_actionneur/Core/Inc/main.h
2022-10-24 10:07:34,653 [INFO] CodeEngine:245 - oldGeneratedFile, /home/yule/Documents/ENSEA/Ensea_2022-2023/Actionneur_et_automatique/code NUCLEO-STM32/TP_actionneur/Core/Src/main.c_save
2022-10-24 10:07:35,351 [INFO] CodeEngine:269 - Generated code: /home/yule/Documents/ENSEA/Ensea_2022-2023/Actionneur_et_automatique/code NUCLEO-STM32/TP_actionneur/Core/Src/main.c
2022-10-24 10:07:37,965 [INFO] ProjectBuilder:2919 - Time for Copy HAL[1] : 158mS.
2022-10-24 10:07:38,013 [INFO] ProjectBuilder:4117 - Project Generator version: 3.17.1
2022-10-24 10:07:39,292 [INFO] ConfigFileManager:1394 - The Die is : DIE469
2022-10-24 10:07:39,355 [INFO] ApiDbMcu:505 - Load IP Config File for FATFS
2022-10-24 10:07:39,377 [INFO] ApiDbMcu:505 - Load IP Config File for FREERTOS
2022-10-24 10:07:39,397 [INFO] ApiDbMcu:505 - Load IP Config File for USBPD
2022-10-24 10:07:39,432 [INFO] ApiDbMcu:505 - Load IP Config File for USB_Device
2022-10-24 10:08:02,845 [INFO] ProjectBuilder:4285 - Time for Generating toolchain IDE Files: 24825mS.
2022-10-24 10:08:02,848 [INFO] ProjectBuilder:2790 - Time for Copy CMSIS : 1mS.
2022-10-24 10:08:02,868 [INFO] ProjectBuilder:2790 - Time for Copy CMSIS : 15mS.
2022-10-24 10:09:31,460 [INFO] Activator:177 - 


2022-10-24 10:09:31,464 [INFO] Activator:178 - !SESSION log4j initialized
